0 info it worked if it ends with ok
1 verbose cli [ 'node', '/usr/local/bin/npm', 'install', 'node-http-server' ]
2 info using npm@2.7.4
3 info using node@v0.12.2
4 silly cache add args [ 'node-http-server', null ]
5 verbose cache add spec node-http-server
6 silly cache add parsed spec { raw: 'node-http-server',
6 silly cache add   scope: null,
6 silly cache add   name: 'node-http-server',
6 silly cache add   rawSpec: '',
6 silly cache add   spec: '*',
6 silly cache add   type: 'range' }
7 verbose addNamed node-http-server@*
8 silly addNamed semver.valid null
9 silly addNamed semver.validRange *
10 silly addNameRange { name: 'node-http-server', range: '*', hasData: false }
11 silly mapToRegistry name node-http-server
12 silly mapToRegistry using default registry
13 silly mapToRegistry registry https://registry.npmjs.org/
14 silly mapToRegistry uri https://registry.npmjs.org/node-http-server
15 verbose addNameRange registry:https://registry.npmjs.org/node-http-server not in flight; fetching
16 verbose request uri https://registry.npmjs.org/node-http-server
17 verbose request no auth needed
18 info attempt registry request try #1 at 1:44:57 PM
19 verbose request id 9472cf66af0f098b
20 http request GET https://registry.npmjs.org/node-http-server
21 http 200 https://registry.npmjs.org/node-http-server
22 silly get cb [ 200,
22 silly get   { date: 'Fri, 24 Apr 2015 11:44:58 GMT',
22 silly get     server: 'CouchDB/1.5.0 (Erlang OTP/R16B03)',
22 silly get     etag: '"C16NSFCH487Z2REYMX5MVOHQ2"',
22 silly get     'content-type': 'application/json',
22 silly get     'cache-control': 'max-age=60',
22 silly get     'content-length': '24642',
22 silly get     'accept-ranges': 'bytes',
22 silly get     via: '1.1 varnish',
22 silly get     age: '0',
22 silly get     'x-served-by': 'cache-fra1226-FRA',
22 silly get     'x-cache': 'MISS',
22 silly get     'x-cache-hits': '0',
22 silly get     'x-timer': 'S1429875897.997048,VS0,VE924',
22 silly get     vary: 'Accept',
22 silly get     'keep-alive': 'timeout=10, max=50',
22 silly get     connection: 'Keep-Alive' } ]
23 verbose get saving node-http-server to /Users/TheoCapitant/.npm/registry.npmjs.org/node-http-server/.cache.json
24 silly addNameRange number 2 { name: 'node-http-server', range: '*', hasData: true }
25 silly addNameRange versions [ 'node-http-server',
25 silly addNameRange   [ '1.0.0',
25 silly addNameRange     '1.0.1',
25 silly addNameRange     '1.5.0',
25 silly addNameRange     '1.5.1',
25 silly addNameRange     '1.5.2',
25 silly addNameRange     '1.5.3',
25 silly addNameRange     '1.6.0',
25 silly addNameRange     '1.6.1',
25 silly addNameRange     '1.6.2',
25 silly addNameRange     '1.7.0',
25 silly addNameRange     '2.0.0',
25 silly addNameRange     '2.1.0',
25 silly addNameRange     '3.0.0' ] ]
26 verbose addNamed node-http-server@3.0.0
27 silly addNamed semver.valid 3.0.0
28 silly addNamed semver.validRange 3.0.0
29 silly mapToRegistry name node-http-server
30 silly mapToRegistry using default registry
31 silly mapToRegistry registry https://registry.npmjs.org/
32 silly mapToRegistry uri https://registry.npmjs.org/node-http-server
33 verbose addRemoteTarball https://registry.npmjs.org/node-http-server/-/node-http-server-3.0.0.tgz not in flight; adding
34 verbose addRemoteTarball [ 'https://registry.npmjs.org/node-http-server/-/node-http-server-3.0.0.tgz',
34 verbose addRemoteTarball   'a01e1f9cd6be8554a9449d4cc12d3b0552bdee56' ]
35 info retry fetch attempt 1 at 1:44:59 PM
36 info attempt registry request try #1 at 1:44:59 PM
37 http fetch GET https://registry.npmjs.org/node-http-server/-/node-http-server-3.0.0.tgz
38 http fetch 200 https://registry.npmjs.org/node-http-server/-/node-http-server-3.0.0.tgz
39 silly fetchAndShaCheck shasum a01e1f9cd6be8554a9449d4cc12d3b0552bdee56
40 verbose addTmpTarball /var/folders/vh/tm5941g90ngg_6_55mhr554h0000gn/T/npm-6067-b04decd4/registry.npmjs.org/node-http-server/-/node-http-server-3.0.0.tgz not in flight; adding
41 verbose addTmpTarball already have metadata; skipping unpack for node-http-server@3.0.0
42 silly cache afterAdd node-http-server@3.0.0
43 verbose afterAdd /Users/TheoCapitant/.npm/node-http-server/3.0.0/package/package.json not in flight; writing
44 verbose afterAdd /Users/TheoCapitant/.npm/node-http-server/3.0.0/package/package.json written
45 silly install resolved [ { name: 'node-http-server',
45 silly install resolved     version: '3.0.0',
45 silly install resolved     description: 'A very simple and fast http server for node, bash, and spawnable from C, Python etc. It is lightweight and great for embedded solutions as well as everyday development or public facing apps.',
45 silly install resolved     main: 'server/http.js',
45 silly install resolved     directories: { example: 'example' },
45 silly install resolved     scripts: { test: 'echo "Error: no test specified" && exit 1' },
45 silly install resolved     repository:
45 silly install resolved      { type: 'git',
45 silly install resolved        url: 'https://github.com/RIAEvangelist/node-http-server.git' },
45 silly install resolved     keywords:
45 silly install resolved      [ 'http',
45 silly install resolved        'server',
45 silly install resolved        'embedded',
45 silly install resolved        'fast',
45 silly install resolved        'light',
45 silly install resolved        'lightweight',
45 silly install resolved        'bash',
45 silly install resolved        'c',
45 silly install resolved        'python',
45 silly install resolved        'html',
45 silly install resolved        'js',
45 silly install resolved        'img',
45 silly install resolved        'css' ],
45 silly install resolved     author: { name: 'Brandon Nozaki Miller' },
45 silly install resolved     license: 'DBAD',
45 silly install resolved     bugs: { url: 'https://github.com/RIAEvangelist/node-http-server/issues' },
45 silly install resolved     homepage: 'https://github.com/RIAEvangelist/node-http-server',
45 silly install resolved     gitHead: '0e759f1f495caeb8c0b694fb8942a6fb6de05a7f',
45 silly install resolved     _id: 'node-http-server@3.0.0',
45 silly install resolved     _shasum: 'a01e1f9cd6be8554a9449d4cc12d3b0552bdee56',
45 silly install resolved     _from: 'node-http-server@*',
45 silly install resolved     _npmVersion: '2.7.3',
45 silly install resolved     _nodeVersion: '0.10.37',
45 silly install resolved     _npmUser: { name: 'riaevangelist', email: 'brandon@diginow.it' },
45 silly install resolved     maintainers: [ [Object] ],
45 silly install resolved     dist:
45 silly install resolved      { shasum: 'a01e1f9cd6be8554a9449d4cc12d3b0552bdee56',
45 silly install resolved        tarball: 'http://registry.npmjs.org/node-http-server/-/node-http-server-3.0.0.tgz' },
45 silly install resolved     _resolved: 'https://registry.npmjs.org/node-http-server/-/node-http-server-3.0.0.tgz' } ]
46 info install node-http-server@3.0.0 into /Users/TheoCapitant/Documents/IESA/CORDOVA/PROJET/Watoo/app/watoo
47 info installOne node-http-server@3.0.0
48 verbose installOne of node-http-server to /Users/TheoCapitant/Documents/IESA/CORDOVA/PROJET/Watoo/app/watoo not in flight; installing
49 warn locking Error: EACCES, open '/Users/TheoCapitant/.npm/_locks/node-http-server-a9a821f39b923fba.lock'
49 warn locking     at Error (native)
49 warn locking  /Users/TheoCapitant/.npm/_locks/node-http-server-a9a821f39b923fba.lock failed { [Error: EACCES, open '/Users/TheoCapitant/.npm/_locks/node-http-server-a9a821f39b923fba.lock']
49 warn locking   errno: -13,
49 warn locking   code: 'EACCES',
49 warn locking   path: '/Users/TheoCapitant/.npm/_locks/node-http-server-a9a821f39b923fba.lock' }
50 verbose stack Error: Attempt to unlock /Users/TheoCapitant/Documents/IESA/CORDOVA/PROJET/Watoo/app/watoo/node_modules/node-http-server, which hasn't been locked
50 verbose stack     at unlock (/usr/local/lib/node_modules/npm/lib/utils/locker.js:66:11)
50 verbose stack     at cb (/usr/local/lib/node_modules/npm/lib/install.js:1004:5)
50 verbose stack     at /usr/local/lib/node_modules/npm/lib/install.js:1008:20
50 verbose stack     at /usr/local/lib/node_modules/npm/lib/utils/locker.js:40:9
50 verbose stack     at cb (/usr/local/lib/node_modules/npm/node_modules/lockfile/lockfile.js:149:38)
50 verbose stack     at /usr/local/lib/node_modules/npm/node_modules/lockfile/lockfile.js:177:38
50 verbose stack     at FSReqWrap.oncomplete (fs.js:95:15)
51 verbose cwd /Users/TheoCapitant/Documents/IESA/CORDOVA/PROJET/Watoo/app/watoo
52 error Darwin 14.0.0
53 error argv "node" "/usr/local/bin/npm" "install" "node-http-server"
54 error node v0.12.2
55 error npm  v2.7.4
56 error Attempt to unlock /Users/TheoCapitant/Documents/IESA/CORDOVA/PROJET/Watoo/app/watoo/node_modules/node-http-server, which hasn't been locked
57 error If you need help, you may report this error at:
57 error     <https://github.com/npm/npm/issues>
58 verbose exit [ 1, true ]
